<?xml version="1.0" encoding="UTF-8"?>
<!-- Generated by org.testng.reporters.JUnitReportReporter -->
<testsuite skipped="0" hostname="Ashish" name="Task.Webshop" tests="1" failures="0" timestamp="2021-08-04T18:50:39 IST" time="5.970" errors="0">
  <testcase name="RegisterWebshop" time="5.970" classname="Task.Webshop"/>
  <system-out/>
</testsuite> <!-- Task.Webshop -->
